<?xml version="1.0" encoding="UTF-8"?>
<!-- Generated by org.testng.reporters.JUnitXMLReporter -->
<testsuite ignored="0" hostname="LAPTOP-VTKGPJHU" failures="0" tests="6" name="Default test" time="4.567" errors="0" timestamp="2022-09-29T17:06:09 NZDT">
  <testcase classname="demoProject.DynamicJson" name="addBook" time="2.214"/>
  <testcase classname="demoProject.DynamicJson" name="addBook" time="0.422"/>
  <testcase classname="demoProject.DynamicJson" name="addBook" time="0.45"/>
  <testcase classname="demoProject.DynamicJson" name="deleteBook" time="0.498"/>
  <testcase classname="demoProject.DynamicJson" name="deleteBook" time="0.457"/>
  <testcase classname="demoProject.DynamicJson" name="deleteBook" time="0.476"/>
</testsuite> <!-- Default test -->
