<?xml version="1.0" encoding="UTF-8"?>
<testng-results ignored="0" total="6" passed="6" failed="0" skipped="0">
  <reporter-output>
  </reporter-output>
  <suite started-at="2022-09-29T17:06:04 NZDT" name="Default suite" finished-at="2022-09-29T17:06:09 NZDT" duration-ms="4567">
    <groups>
    </groups>
    <test started-at="2022-09-29T17:06:04 NZDT" name="Default test" finished-at="2022-09-29T17:06:09 NZDT" duration-ms="4567">
      <class name="demoProject.DynamicJson">
        <test-method signature="addBook(java.lang.String,java.lang.String)[pri:0, instance:demoProject.DynamicJson@e7edb54]" started-at="2022-09-29T17:06:04 NZDT" name="addBook" data-provider="BookData" finished-at="2022-09-29T17:06:06 NZDT" duration-ms="2214" status="PASS">
          <params>
            <param index="0">
              <value>
                <![CDATA[111]]>
              </value>
            </param>
            <param index="1">
              <value>
                <![CDATA[RAGUBOOK1]]>
              </value>
            </param>
          </params>
          <reporter-output>
          </reporter-output>
        </test-method> <!-- addBook -->
        <test-method signature="addBook(java.lang.String,java.lang.String)[pri:0, instance:demoProject.DynamicJson@e7edb54]" started-at="2022-09-29T17:06:06 NZDT" name="addBook" data-provider="BookData" finished-at="2022-09-29T17:06:07 NZDT" duration-ms="422" status="PASS">
          <params>
            <param index="0">
              <value>
                <![CDATA[222]]>
              </value>
            </param>
            <param index="1">
              <value>
                <![CDATA[RAGUBOOK2]]>
              </value>
            </param>
          </params>
          <reporter-output>
          </reporter-output>
        </test-method> <!-- addBook -->
        <test-method signature="addBook(java.lang.String,java.lang.String)[pri:0, instance:demoProject.DynamicJson@e7edb54]" started-at="2022-09-29T17:06:07 NZDT" name="addBook" data-provider="BookData" finished-at="2022-09-29T17:06:07 NZDT" duration-ms="450" status="PASS">
          <params>
            <param index="0">
              <value>
                <![CDATA[333]]>
              </value>
            </param>
            <param index="1">
              <value>
                <![CDATA[RAGUBOOK3]]>
              </value>
            </param>
          </params>
          <reporter-output>
          </reporter-output>
        </test-method> <!-- addBook -->
        <test-method signature="deleteBook(java.lang.String,java.lang.String)[pri:0, instance:demoProject.DynamicJson@e7edb54]" started-at="2022-09-29T17:06:07 NZDT" name="deleteBook" data-provider="BookData" finished-at="2022-09-29T17:06:08 NZDT" duration-ms="498" status="PASS">
          <params>
            <param index="0">
              <value>
                <![CDATA[111]]>
              </value>
            </param>
            <param index="1">
              <value>
                <![CDATA[RAGUBOOK1]]>
              </value>
            </param>
          </params>
          <reporter-output>
          </reporter-output>
        </test-method> <!-- deleteBook -->
        <test-method signature="deleteBook(java.lang.String,java.lang.String)[pri:0, instance:demoProject.DynamicJson@e7edb54]" started-at="2022-09-29T17:06:08 NZDT" name="deleteBook" data-provider="BookData" finished-at="2022-09-29T17:06:08 NZDT" duration-ms="457" status="PASS">
          <params>
            <param index="0">
              <value>
                <![CDATA[222]]>
              </value>
            </param>
            <param index="1">
              <value>
                <![CDATA[RAGUBOOK2]]>
              </value>
            </param>
          </params>
          <reporter-output>
          </reporter-output>
        </test-method> <!-- deleteBook -->
        <test-method signature="deleteBook(java.lang.String,java.lang.String)[pri:0, instance:demoProject.DynamicJson@e7edb54]" started-at="2022-09-29T17:06:08 NZDT" name="deleteBook" data-provider="BookData" finished-at="2022-09-29T17:06:09 NZDT" duration-ms="476" status="PASS">
          <params>
            <param index="0">
              <value>
                <![CDATA[333]]>
              </value>
            </param>
            <param index="1">
              <value>
                <![CDATA[RAGUBOOK3]]>
              </value>
            </param>
          </params>
          <reporter-output>
          </reporter-output>
        </test-method> <!-- deleteBook -->
      </class> <!-- demoProject.DynamicJson -->
    </test> <!-- Default test -->
  </suite> <!-- Default suite -->
</testng-results>
